<?xml version="1.0" encoding="UTF-8"?>
<!-- Generated by org.testng.reporters.JUnitReportReporter -->
<testsuite hostname="DESKTOP-DLV91LG" name="com.softwaretesting.TestParameterDataProvider" tests="3" failures="0" timestamp="12 Aug 2020 10:59:17 GMT" time="0.014" errors="0">
  <testcase name="test" time="0.001" classname="com.softwaretesting.TestParameterDataProvider"/>
  <testcase name="test" time="0.001" classname="com.softwaretesting.TestParameterDataProvider"/>
  <testcase name="test" time="0.012" classname="com.softwaretesting.TestParameterDataProvider"/>
</testsuite> <!-- com.softwaretesting.TestParameterDataProvider -->
