<?xml version="1.0" encoding="UTF-8"?>
<!-- Generated by org.testng.reporters.JUnitReportReporter -->
<testsuite hostname="DESKTOP-DLV91LG" name="com.softwaretesting.TestParameterXML" tests="1" failures="0" timestamp="12 Aug 2020 15:37:28 GMT" time="0.014" errors="0">
  <testcase name="createConection" time="0.014" classname="com.softwaretesting.TestParameterXML"/>
</testsuite> <!-- com.softwaretesting.TestParameterXML -->
