<?xml version="1.0" encoding="UTF-8"?>
<!-- Generated by org.testng.reporters.JUnitReportReporter -->
<testsuite hostname="DESKTOP-DLV91LG" name="com.yiibai.TestHelloWorld" tests="1" failures="0" timestamp="12 Aug 2020 07:28:24 GMT" time="0.014" errors="0">
  <testcase name="testEmailGenerator" time="0.014" classname="com.yiibai.TestHelloWorld"/>
</testsuite> <!-- com.yiibai.TestHelloWorld -->
