<?xml version="1.0" encoding="UTF-8"?>
<!-- Generated by org.testng.reporters.JUnitReportReporter -->
<testsuite hostname="DESKTOP-DLV91LG" name="com.yiibai.TestDBConnection" tests="4" failures="0" timestamp="12 Aug 2020 07:49:07 GMT" time="0.008" errors="0">
  <testcase name="runOtherTest1" time="0.000" classname="com.yiibai.TestDBConnection"/>
  <testcase name="runOtherTest1" time="0.004" classname="com.yiibai.TestDBConnection"/>
  <testcase name="runOtherTest2" time="0.004" classname="com.yiibai.TestDBConnection"/>
  <testcase name="runOtherTest2" time="0.000" classname="com.yiibai.TestDBConnection"/>
</testsuite> <!-- com.yiibai.TestDBConnection -->
