<?xml version="1.0" encoding="UTF-8"?>
<!-- Generated by org.testng.reporters.JUnitReportReporter -->
<testsuite hostname="DESKTOP-DLV91LG" name="com.yiibai.TestConfiguration" tests="1" failures="0" timestamp="12 Aug 2020 07:49:07 GMT" time="0.004" errors="0">
  <testcase name="f" time="0.004" classname="com.yiibai.TestConfiguration"/>
</testsuite> <!-- com.yiibai.TestConfiguration -->
